<?xml version="1.0" encoding="UTF-8"?>


<mathbook xmlns:xi="http://www.w3.org/2001/XInclude" xml:lang="en-US">
<book xml:id="Transformational_Geometry">
<title>Transformational Geometry</title>
        <subtitle>Subtitle Text</subtitle>
        

       
<xi:include href="./chapters/Geogebra-Tutorial.xml" />

<xi:include href="./chapters/Early-Transformations.xml" />

<xi:include href="./chapters/Combinations-Of-Rigid-Motions.xml" />

<xi:include href="./chapters/old-stuff.xml" />      

<xi:include href="./chapters/playground.xml" />  

</book>
</mathbook>
